<?xml version="1.0" encoding="UTF-8"?>
<testsuite name="my.company.SimpleTest" time="0.046" tests="4" errors="0" skipped="0" failures="1">
  <properties>
[...]
</properties>
  <testcase name="csvAttachmentTest" classname="my.company.SimpleTest" time="0.019"/>
  <testcase name="failedTest" classname="my.company.SimpleTest" time="0.023">
    <failure type="java.lang.AssertionError:">java.lang.AssertionError: null
	at org.testng.Assert.fail(Assert.java:94)
	at org.testng.Assert.fail(Assert.java:101)
	at my.company.SimpleTest.failedTest(SimpleTest.java:44)
</failure>
  </testcase>
  <testcase name="simpleTest" classname="my.company.SimpleTest" time="0.004"/>
  <testcase name="simpleTestWithSteps" classname="my.company.SimpleTest" time="0"/>
</testsuite>